Arguments: 
  /home/pi/.config/nvm/versions/node/v16.13.0/bin/node /usr/share/yarn/bin/yarn.js install

PATH: 
  /home/pi/.config/nvm/versions/node/v16.13.0/bin:/home/pi/.rbenv/shims:/home/pi/.rbenv/bin:/home/pi/.rbenv/shims:/home/pi/.rbenv/bin:/home/pi/.opam/default/bin:/home/pi/.local/bin:/usr/local/sbin:/usr/local/bin:/usr/sbin:/usr/bin:/sbin:/bin:/usr/local/games:/usr/games:/snap/bin

Yarn version: 
  1.22.15

Node version: 
  16.13.0

Platform: 
  linux arm

Trace: 
  Error: https://registry.yarnpkg.com/eslint/-/eslint-7.32.0.tgz: ESOCKETTIMEDOUT
      at ClientRequest.<anonymous> (/usr/share/yarn/lib/cli.js:141512:19)
      at Object.onceWrapper (node:events:509:28)
      at ClientRequest.emit (node:events:390:28)
      at TLSSocket.emitRequestTimeout (node:_http_client:763:9)
      at Object.onceWrapper (node:events:509:28)
      at TLSSocket.emit (node:events:402:35)
      at TLSSocket.Socket._onTimeout (node:net:501:8)
      at listOnTimeout (node:internal/timers:557:17)
      at processTimers (node:internal/timers:500:7)

npm manifest: 
  {
    "name": "project",
    "version": "0.0.1",
    "description": "project",
    "keywords": [
      "loopback-application",
      "loopback"
    ],
    "main": "dist/index.js",
    "types": "dist/index.d.ts",
    "engines": {
      "node": ">=10.16"
    },
    "scripts": {
      "build": "lb-tsc",
      "build:watch": "lb-tsc --watch",
      "lint": "yarn run eslint && yarn run prettier:check",
      "lint:fix": "yarn run eslint:fix && yarn run prettier:fix",
      "prettier:cli": "lb-prettier \"**/*.ts\" \"**/*.js\"",
      "prettier:check": "yarn run prettier:cli -l",
      "prettier:fix": "yarn run prettier:cli --write",
      "eslint": "lb-eslint --report-unused-disable-directives .",
      "eslint:fix": "yarn run eslint --fix",
      "pretest": "yarn run rebuild",
      "test": "lb-mocha --allow-console-logs \"dist/__tests__\"",
      "posttest": "yarn run lint",
      "test:dev": "lb-mocha --allow-console-logs dist/__tests__/**/*.js && yarn run posttest",
      "docker:build": "docker build -t project .",
      "docker:run": "docker run -p 3000:3000 -d project",
      "premigrate": "yarn run build",
      "migrate": "node ./dist/migrate",
      "preopenapi-spec": "yarn run build",
      "openapi-spec": "node ./dist/openapi-spec",
      "prestart": "yarn run rebuild",
      "start": "node -r source-map-support/register .",
      "clean": "lb-clean dist *.tsbuildinfo .eslintcache",
      "rebuild": "yarn run clean && yarn run build"
    },
    "repository": {
      "type": "git",
      "url": ""
    },
    "author": "slacksky <slacksky@gmail.com>",
    "license": "",
    "files": [
      "README.md",
      "dist",
      "src",
      "!*/__tests__"
    ],
    "dependencies": {
      "@loopback/boot": "^3.4.4",
      "@loopback/core": "^2.18.0",
      "@loopback/repository": "^3.7.3",
      "@loopback/rest": "^10.1.0",
      "@loopback/rest-explorer": "^3.3.4",
      "@loopback/service-proxy": "^3.2.4",
      "tslib": "^2.0.0"
    },
    "devDependencies": {
      "@loopback/build": "^7.0.2",
      "source-map-support": "^0.5.20",
      "@loopback/testlab": "^3.4.4",
      "@types/node": "^10.17.60",
      "@loopback/eslint-config": "^11.0.2",
      "eslint": "^7.32.0",
      "typescript": "~4.4.4"
    }
  }

yarn manifest: 
  No manifest

Lockfile: 
  No lockfile
